Microsoft HTML Help Compiler 4.74.8702

Compiling e:\Work\Delphi\ForestUtil\help\FORESTUTIL.chm


Compile time: 0 minutes, 0 seconds
1	Topic
0	Local links
0	Internet links
0	Graphics


Created e:\Work\Delphi\ForestUtil\help\FORESTUTIL.chm, 14,156 bytes
Compression increased file by 4,702 bytes.
Microsoft HTML Help Compiler 4.74.8702

Compiling e:\Work\Delphi\ForestUtil\help\FORESTUTIL.chm


Compile time: 0 minutes, 0 seconds
1	Topic
0	Local links
0	Internet links
0	Graphics


Created e:\Work\Delphi\ForestUtil\help\FORESTUTIL.chm, 14,166 bytes
Compression increased file by 4,653 bytes.
Microsoft HTML Help Compiler 4.74.8702

Compiling e:\Work\Delphi\ForestUtil\help\FORESTUTIL.chm


Compile time: 0 minutes, 0 seconds
1	Topic
0	Local links
0	Internet links
0	Graphics


Created e:\Work\Delphi\ForestUtil\help\FORESTUTIL.chm, 14,168 bytes
Compression increased file by 4,655 bytes.
Microsoft HTML Help Compiler 4.74.8702

Compiling e:\Work\Delphi\ForestUtil\help\FORESTUTIL.chm


Compile time: 0 minutes, 0 seconds
1	Topic
0	Local links
0	Internet links
0	Graphics


Created e:\Work\Delphi\ForestUtil\help\FORESTUTIL.chm, 14,166 bytes
Compression increased file by 4,653 bytes.
Microsoft HTML Help Compiler 4.74.8702

Compiling e:\Work\Delphi\ForestUtil\help\FORESTUTIL.chm


Compile time: 0 minutes, 0 seconds
1	Topic
0	Local links
0	Internet links
0	Graphics


Created e:\Work\Delphi\ForestUtil\help\FORESTUTIL.chm, 14,164 bytes
Compression increased file by 4,657 bytes.
Microsoft HTML Help Compiler 4.74.8702

Compiling e:\Work\Delphi\ForestUtil\help\FORESTUTIL.chm


Compile time: 0 minutes, 0 seconds
1	Topic
0	Local links
0	Internet links
0	Graphics


Created e:\Work\Delphi\ForestUtil\help\FORESTUTIL.chm, 14,196 bytes
Compression increased file by 4,473 bytes.
Microsoft HTML Help Compiler 4.74.8702

Compiling e:\Work\Delphi\ForestUtil\help\FORESTUTIL.chm


Compile time: 0 minutes, 0 seconds
1	Topic
0	Local links
0	Internet links
0	Graphics


Created e:\Work\Delphi\ForestUtil\help\FORESTUTIL.chm, 14,194 bytes
Compression increased file by 4,471 bytes.
Microsoft HTML Help Compiler 4.74.8702

Compiling e:\Work\Delphi\ForestUtil\help\FORESTUTIL.chm


Compile time: 0 minutes, 0 seconds
1	Topic
0	Local links
0	Internet links
0	Graphics


Created e:\Work\Delphi\ForestUtil\help\FORESTUTIL.chm, 14,192 bytes
Compression increased file by 4,457 bytes.
HHC5010: Error: Cannot open "e:\Work\Delphi\ForestUtil\help\FORESTUTIL.chm". Compilation stopped.
Microsoft HTML Help Compiler 4.74.8702

Compiling e:\Work\Delphi\ForestUtil\help\FORESTUTIL.chm


Compile time: 0 minutes, 0 seconds
1	Topic
0	Local links
0	Internet links
0	Graphics


Created e:\Work\Delphi\ForestUtil\help\FORESTUTIL.chm, 14,268 bytes
Compression increased file by 3,882 bytes.
Microsoft HTML Help Compiler 4.74.8702

Compiling e:\Work\Delphi\ForestUtil\help\FORESTUTIL.chm


Compile time: 0 minutes, 1 second
1	Topic
0	Local links
0	Internet links
0	Graphics


Created e:\Work\Delphi\ForestUtil\help\FORESTUTIL.chm, 14,318 bytes
Compression increased file by 3,865 bytes.
HHC5010: Error: Cannot open "e:\Work\Delphi\ForestUtil\help\FORESTUTIL.chm". Compilation stopped.
Microsoft HTML Help Compiler 4.74.8702

Compiling e:\Work\Delphi\ForestUtil\help\FORESTUTIL.chm


Compile time: 0 minutes, 0 seconds
1	Topic
0	Local links
0	Internet links
0	Graphics


Created e:\Work\Delphi\ForestUtil\help\FORESTUTIL.chm, 14,334 bytes
Compression increased file by 3,539 bytes.
Microsoft HTML Help Compiler 4.74.8702

Compiling e:\Work\Delphi\ForestUtil\help\FORESTUTIL.chm


Compile time: 0 minutes, 0 seconds
1	Topic
0	Local links
0	Internet links
0	Graphics


Created e:\Work\Delphi\ForestUtil\help\FORESTUTIL.chm, 14,372 bytes
Compression increased file by 3,454 bytes.
Microsoft HTML Help Compiler 4.74.8702

Compiling e:\Work\Delphi\ForestUtil\help\FORESTUTIL.chm


Compile time: 0 minutes, 0 seconds
1	Topic
0	Local links
0	Internet links
0	Graphics


Created e:\Work\Delphi\ForestUtil\help\FORESTUTIL.chm, 14,370 bytes
Compression increased file by 3,452 bytes.
Microsoft HTML Help Compiler 4.74.8702

Compiling e:\Work\Delphi\ForestUtil\help\FORESTUTIL.chm


Compile time: 0 minutes, 0 seconds
1	Topic
0	Local links
0	Internet links
0	Graphics


Created e:\Work\Delphi\ForestUtil\help\FORESTUTIL.chm, 14,380 bytes
Compression increased file by 3,460 bytes.
Microsoft HTML Help Compiler 4.74.8702

Compiling e:\Work\Delphi\ForestUtil\help\FORESTUTIL.chm


Compile time: 0 minutes, 0 seconds
1	Topic
0	Local links
0	Internet links
0	Graphics


Created e:\Work\Delphi\ForestUtil\help\FORESTUTIL.chm, 14,402 bytes
Compression increased file by 3,459 bytes.
Microsoft HTML Help Compiler 4.74.8702

Compiling e:\Work\Delphi\ForestUtil\help\FORESTUTIL.chm


Compile time: 0 minutes, 0 seconds
1	Topic
0	Local links
0	Internet links
0	Graphics


Created e:\Work\Delphi\ForestUtil\help\FORESTUTIL.chm, 14,400 bytes
Compression increased file by 3,452 bytes.
Microsoft HTML Help Compiler 4.74.8702

Compiling e:\Work\Delphi\ForestUtil\help\FORESTUTIL.chm


Compile time: 0 minutes, 0 seconds
1	Topic
0	Local links
0	Internet links
0	Graphics


Created e:\Work\Delphi\ForestUtil\help\FORESTUTIL.chm, 14,400 bytes
Compression increased file by 3,449 bytes.
Microsoft HTML Help Compiler 4.74.8702

Compiling e:\Work\Delphi\ForestUtil\help\FORESTUTIL.chm


Compile time: 0 minutes, 0 seconds
1	Topic
0	Local links
0	Internet links
0	Graphics


Created e:\Work\Delphi\ForestUtil\help\FORESTUTIL.chm, 14,406 bytes
Compression increased file by 3,454 bytes.
Microsoft HTML Help Compiler 4.74.8702

Compiling e:\Work\Delphi\ForestUtil\help\FORESTUTIL.chm


Compile time: 0 minutes, 0 seconds
1	Topic
0	Local links
0	Internet links
0	Graphics


Created e:\Work\Delphi\ForestUtil\help\FORESTUTIL.chm, 14,410 bytes
Compression increased file by 3,455 bytes.
